app/build/intermediates/manifest_merge_blame_file/debug/manifest-merger-blame-debug-report.txt
1<?xml version="1.0" encoding="utf-8"?>
2<manifest xmlns:android="http://schemas.android.com/apk/res/android"
3    package="com.example.mvvmexample"
4    android:versionCode="1"
5    android:versionName="1.0" >
6
7    <uses-sdk
8        android:minSdkVersion="21"
8-->src/main/AndroidManifest.xml
9        android:targetSdkVersion="31" />
9-->src/main/AndroidManifest.xml
10
11    <application
11-->src/main/AndroidManifest.xml:5:5-28:19
12        android:allowBackup="true"
12-->src/main/AndroidManifest.xml:6:9-35
13        android:appComponentFactory="androidx.core.app.CoreComponentFactory"
13-->[androidx.core:core:1.7.0] AndroidManifest.xml:24:18-86
14        android:debuggable="true"
15        android:icon="@mipmap/ic_launcher"
15-->src/main/AndroidManifest.xml:7:9-43
16        android:label="@string/app_name"
16-->src/main/AndroidManifest.xml:8:9-41
17        android:roundIcon="@mipmap/ic_launcher_round"
17-->src/main/AndroidManifest.xml:9:9-54
18        android:supportsRtl="true"
18-->src/main/AndroidManifest.xml:10:9-35
19        android:testOnly="true"
20        android:theme="@style/Theme.MVVMExample" >
20-->src/main/AndroidManifest.xml:11:9-49
21        <activity
21-->src/main/AndroidManifest.xml:12:9-18:20
22            android:name="com.example.mvvmexample.view.SaveActivity"
22-->src/main/AndroidManifest.xml:13:13-46
23            android:exported="false" >
23-->src/main/AndroidManifest.xml:14:13-37
24            <meta-data
24-->src/main/AndroidManifest.xml:15:13-17:36
25                android:name="android.app.lib_name"
25-->src/main/AndroidManifest.xml:16:17-52
26                android:value="" />
26-->src/main/AndroidManifest.xml:17:17-33
27        </activity>
28        <activity
28-->src/main/AndroidManifest.xml:19:9-27:20
29            android:name="com.example.mvvmexample.view.MainActivity"
29-->src/main/AndroidManifest.xml:20:13-46
30            android:exported="true" >
30-->src/main/AndroidManifest.xml:21:13-36
31            <intent-filter>
31-->src/main/AndroidManifest.xml:22:13-26:29
32                <action android:name="android.intent.action.MAIN" />
32-->src/main/AndroidManifest.xml:23:17-69
32-->src/main/AndroidManifest.xml:23:25-66
33
34                <category android:name="android.intent.category.LAUNCHER" />
34-->src/main/AndroidManifest.xml:25:17-77
34-->src/main/AndroidManifest.xml:25:27-74
35            </intent-filter>
36        </activity>
37
38        <service
38-->[androidx.room:room-runtime:2.4.2] AndroidManifest.xml:25:9-28:40
39            android:name="androidx.room.MultiInstanceInvalidationService"
39-->[androidx.room:room-runtime:2.4.2] AndroidManifest.xml:26:13-74
40            android:directBootAware="true"
40-->[androidx.room:room-runtime:2.4.2] AndroidManifest.xml:27:13-43
41            android:exported="false" />
41-->[androidx.room:room-runtime:2.4.2] AndroidManifest.xml:28:13-37
42
43        <provider
43-->[androidx.lifecycle:lifecycle-process:2.5.0-beta01] AndroidManifest.xml:26:9-34:20
44            android:name="androidx.startup.InitializationProvider"
44-->[androidx.lifecycle:lifecycle-process:2.5.0-beta01] AndroidManifest.xml:27:13-67
45            android:authorities="com.example.mvvmexample.androidx-startup"
45-->[androidx.lifecycle:lifecycle-process:2.5.0-beta01] AndroidManifest.xml:28:13-68
46            android:exported="false" >
46-->[androidx.lifecycle:lifecycle-process:2.5.0-beta01] AndroidManifest.xml:29:13-37
47            <meta-data
47-->[androidx.lifecycle:lifecycle-process:2.5.0-beta01] AndroidManifest.xml:31:13-33:52
48                android:name="androidx.lifecycle.ProcessLifecycleInitializer"
48-->[androidx.lifecycle:lifecycle-process:2.5.0-beta01] AndroidManifest.xml:32:17-78
49                android:value="androidx.startup" />
49-->[androidx.lifecycle:lifecycle-process:2.5.0-beta01] AndroidManifest.xml:33:17-49
50            <meta-data
50-->[androidx.profileinstaller:profileinstaller:1.0.1] AndroidManifest.xml:31:13-33:52
51                android:name="androidx.profileinstaller.ProfileInstallerInitializer"
51-->[androidx.profileinstaller:profileinstaller:1.0.1] AndroidManifest.xml:32:17-85
52                android:value="androidx.startup" />
52-->[androidx.profileinstaller:profileinstaller:1.0.1] AndroidManifest.xml:33:17-49
53        </provider>
54
55        <receiver
55-->[androidx.profileinstaller:profileinstaller:1.0.1] AndroidManifest.xml:36:9-45:20
56            android:name="androidx.profileinstaller.ProfileInstallReceiver"
56-->[androidx.profileinstaller:profileinstaller:1.0.1] AndroidManifest.xml:37:13-76
57            android:directBootAware="false"
57-->[androidx.profileinstaller:profileinstaller:1.0.1] AndroidManifest.xml:38:13-44
58            android:enabled="true"
58-->[androidx.profileinstaller:profileinstaller:1.0.1] AndroidManifest.xml:39:13-35
59            android:exported="true"
59-->[androidx.profileinstaller:profileinstaller:1.0.1] AndroidManifest.xml:40:13-36
60            android:permission="android.permission.DUMP" >
60-->[androidx.profileinstaller:profileinstaller:1.0.1] AndroidManifest.xml:41:13-57
61            <intent-filter>
61-->[androidx.profileinstaller:profileinstaller:1.0.1] AndroidManifest.xml:42:13-44:29
62                <action android:name="androidx.profileinstaller.action.INSTALL_PROFILE" />
62-->[androidx.profileinstaller:profileinstaller:1.0.1] AndroidManifest.xml:43:17-91
62-->[androidx.profileinstaller:profileinstaller:1.0.1] AndroidManifest.xml:43:25-88
63            </intent-filter>
64        </receiver>
65    </application>
66
67</manifest>